<?xml version="1.0" encoding="UTF-8"?>
<!-- Generated by org.testng.reporters.JUnitReportReporter -->
<testsuite hostname="EPD121" failures="0" tests="1" name="CenterVarPackage.CenterVarTest" time="36.016" errors="0" timestamp="02 Oct 2021 08:02:19 GMT" skipped="0">
  <testcase classname="CenterVarPackage.CenterVarTest" name="f" time="36.016"/>
</testsuite> <!-- CenterVarPackage.CenterVarTest -->
