<?xml version="1.0" encoding="UTF-8"?>
<!-- Generated by org.testng.reporters.JUnitReportReporter -->
<testsuite hostname="DESKTOP-FSDL0IP" failures="0" tests="1" name="GV.TestCases.TestCase_Service_SearchService" time="131.007" errors="0" timestamp="25 Apr 2022 11:10:45 GMT" skipped="0">
  <testcase classname="GV.TestCases.TestCase_Service_SearchService" name="f" time="131.007"/>
</testsuite> <!-- GV.TestCases.TestCase_Service_SearchService -->
