<?xml version="1.0" encoding="UTF-8"?>
<!-- Generated by org.testng.reporters.JUnitReportReporter -->
<testsuite hostname="EPD121" failures="0" tests="1" name="hr.TestCases.EditUser_TC" time="54.863" errors="0" timestamp="16 Apr 2022 06:23:38 GMT" skipped="0">
  <testcase classname="hr.TestCases.EditUser_TC" name="f" time="54.863"/>
</testsuite> <!-- hr.TestCases.EditUser_TC -->
