<?xml version="1.0" encoding="UTF-8"?>
<!-- Generated by org.testng.reporters.JUnitReportReporter -->
<testsuite hostname="EPD121" failures="0" tests="1" name="hr.TestCases.AddUser_TC" time="70.345" errors="0" timestamp="16 Apr 2022 04:36:36 GMT" skipped="0">
  <testcase classname="hr.TestCases.AddUser_TC" name="f" time="70.345"/>
</testsuite> <!-- hr.TestCases.AddUser_TC -->
