<?xml version="1.0" encoding="UTF-8"?>
<!-- Generated by org.testng.reporters.JUnitReportReporter -->
<testsuite hostname="Payvand135" failures="0" tests="1" name="GV.TestCases.TestCase_FixPrice_SearchTariffContract" time="87.018" errors="0" timestamp="08 May 2022 09:05:56 GMT" skipped="0">
  <testcase classname="GV.TestCases.TestCase_FixPrice_SearchTariffContract" name="f" time="87.018"/>
</testsuite> <!-- GV.TestCases.TestCase_FixPrice_SearchTariffContract -->
