<?xml version="1.0" encoding="UTF-8"?>
<!-- Generated by org.testng.reporters.JUnitReportReporter -->
<testsuite hostname="EPD121" failures="0" tests="1" name="center.testcases.LoginToCenter" time="89.025" errors="0" timestamp="16 Apr 2022 08:28:23 GMT" skipped="0">
  <testcase classname="center.testcases.LoginToCenter" name="f" time="89.025"/>
</testsuite> <!-- center.testcases.LoginToCenter -->
