<?xml version="1.0" encoding="UTF-8"?>
<!-- Generated by org.testng.reporters.JUnitReportReporter -->
<testsuite hostname="DESKTOP-FSDL0IP" failures="0" tests="1" name="GV.TestCases.TestCase_Group_Services_DeActive" time="123.382" errors="0" timestamp="25 Apr 2022 11:01:46 GMT" skipped="0">
  <testcase classname="GV.TestCases.TestCase_Group_Services_DeActive" name="f" time="123.382"/>
</testsuite> <!-- GV.TestCases.TestCase_Group_Services_DeActive -->
