<?xml version="1.0" encoding="UTF-8"?>
<!-- Generated by org.testng.reporters.JUnitReportReporter -->
<testsuite hostname="EPD121" failures="0" tests="1" name="hr.TestCases.Login_TC" time="35.603" errors="0" timestamp="16 Apr 2022 06:27:51 GMT" skipped="0">
  <testcase classname="hr.TestCases.Login_TC" name="f" time="35.603"/>
</testsuite> <!-- hr.TestCases.Login_TC -->
