<?xml version="1.0" encoding="UTF-8"?>
<!-- Generated by org.testng.reporters.JUnitReportReporter -->
<testsuite hostname="Payvand135" failures="0" tests="1" name="GV.TestCases.TestCase_EditeTariffK" time="95.865" errors="0" timestamp="07 May 2022 10:40:46 GMT" skipped="0">
  <testcase classname="GV.TestCases.TestCase_EditeTariffK" name="f" time="95.865"/>
</testsuite> <!-- GV.TestCases.TestCase_EditeTariffK -->
