<?xml version="1.0" encoding="UTF-8"?>
<!-- Generated by org.testng.reporters.JUnitReportReporter -->
<testsuite hostname="EPD121" failures="0" tests="1" name="center.testcases.DeleteCenterTC" time="57.518" errors="0" timestamp="16 Apr 2022 08:18:49 GMT" skipped="0">
  <testcase classname="center.testcases.DeleteCenterTC" name="f" time="57.518"/>
</testsuite> <!-- center.testcases.DeleteCenterTC -->
