<?xml version="1.0" encoding="UTF-8"?>
<!-- Generated by org.testng.reporters.JUnitReportReporter -->
<testsuite hostname="Payvand135" failures="0" tests="1" name="GV.TestCases.TestCase_Center_Services_Ekhtesar" time="97.471" errors="0" timestamp="27 Apr 2022 04:28:36 GMT" skipped="0">
  <testcase classname="GV.TestCases.TestCase_Center_Services_Ekhtesar" name="f" time="97.471"/>
</testsuite> <!-- GV.TestCases.TestCase_Center_Services_Ekhtesar -->
