<?xml version="1.0" encoding="UTF-8"?>
<!-- Generated by org.testng.reporters.JUnitReportReporter -->
<testsuite hostname="Payvand135" failures="0" tests="1" name="GV.TestCases.TestCase_DeleteTariffk" time="106.038" errors="0" timestamp="07 May 2022 11:18:30 GMT" skipped="0">
  <testcase classname="GV.TestCases.TestCase_DeleteTariffk" name="f" time="106.038"/>
</testsuite> <!-- GV.TestCases.TestCase_DeleteTariffk -->
