<?xml version="1.0" encoding="UTF-8"?>
<!-- Generated by org.testng.reporters.JUnitReportReporter -->
<testsuite hostname="EPD121" failures="0" tests="1" name="hr.TestCases.AddUser_TC" time="94.994" errors="0" timestamp="17 Apr 2022 09:54:08 GMT" skipped="0">
  <testcase classname="hr.TestCases.AddUser_TC" name="f" time="94.994"/>
</testsuite> <!-- hr.TestCases.AddUser_TC -->
