<?xml version="1.0" encoding="UTF-8"?>
<!-- Generated by org.testng.reporters.JUnitReportReporter -->
<testsuite hostname="Payvand135" failures="0" tests="1" name="GV.TestCases.TestCase_Center_Services_Ekhtesar" time="87.595" errors="0" timestamp="26 Apr 2022 05:40:05 GMT" skipped="0">
  <testcase classname="GV.TestCases.TestCase_Center_Services_Ekhtesar" name="f" time="87.595"/>
</testsuite> <!-- GV.TestCases.TestCase_Center_Services_Ekhtesar -->
