<?xml version="1.0" encoding="UTF-8"?>
<!-- Generated by org.testng.reporters.JUnitReportReporter -->
<testsuite hostname="EPD121" failures="0" tests="1" name="center.testcases.SearchApp_TC" time="51.955" errors="0" timestamp="16 Apr 2022 08:45:14 GMT" skipped="0">
  <testcase classname="center.testcases.SearchApp_TC" name="f" time="51.955"/>
</testsuite> <!-- center.testcases.SearchApp_TC -->
