<?xml version="1.0" encoding="UTF-8"?>
<!-- Generated by org.testng.reporters.JUnitReportReporter -->
<testsuite hostname="Payvand135" failures="0" tests="1" name="GV.TestCases.TestCase_Copy_Center_Services" time="91.887" errors="0" timestamp="27 Apr 2022 04:53:30 GMT" skipped="0">
  <testcase classname="GV.TestCases.TestCase_Copy_Center_Services" name="f" time="91.887"/>
</testsuite> <!-- GV.TestCases.TestCase_Copy_Center_Services -->
