<?xml version="1.0" encoding="UTF-8"?>
<!-- Generated by org.testng.reporters.JUnitReportReporter -->
<testsuite hostname="EPD121" failures="0" tests="1" name="hr.TestCases.Login_TC" time="0.000" errors="0" timestamp="13 Apr 2022 11:52:57 GMT" skipped="1">
  <testcase classname="hr.TestCases.Login_TC" name="f" time="0.000">
    <skipped/>
  </testcase> <!-- f -->
</testsuite> <!-- hr.TestCases.Login_TC -->
