<?xml version="1.0" encoding="UTF-8"?>
<!-- Generated by org.testng.reporters.JUnitReportReporter -->
<testsuite hostname="EPD121" failures="0" tests="1" name="center.testcases.EditCenter_TC" time="79.341" errors="0" timestamp="16 Apr 2022 08:17:02 GMT" skipped="0">
  <testcase classname="center.testcases.EditCenter_TC" name="f" time="79.341"/>
</testsuite> <!-- center.testcases.EditCenter_TC -->
