<?xml version="1.0" encoding="UTF-8"?>
<!-- Generated by org.testng.reporters.JUnitReportReporter -->
<testsuite hostname="Payvand135" failures="0" tests="1" name="GV.TestCases.TestCase_Check_Copy_Center_Services" time="100.773" errors="0" timestamp="27 Apr 2022 06:30:52 GMT" skipped="0">
  <testcase classname="GV.TestCases.TestCase_Check_Copy_Center_Services" name="f" time="100.773"/>
</testsuite> <!-- GV.TestCases.TestCase_Check_Copy_Center_Services -->
