<?xml version="1.0" encoding="UTF-8"?>
<!-- Generated by org.testng.reporters.JUnitReportReporter -->
<testsuite hostname="Payvand135" failures="0" tests="1" name="GV.TestCases.TestCase_AddFixPrice" time="98.828" errors="0" timestamp="08 May 2022 06:24:19 GMT" skipped="0">
  <testcase classname="GV.TestCases.TestCase_AddFixPrice" name="f" time="98.828"/>
</testsuite> <!-- GV.TestCases.TestCase_AddFixPrice -->
