<?xml version="1.0" encoding="UTF-8"?>
<!-- Generated by org.testng.reporters.JUnitReportReporter -->
<testsuite hostname="EPD121" failures="0" tests="1" name="center.testcases.LoginTestCase" time="45.733" errors="0" timestamp="16 Apr 2022 08:24:11 GMT" skipped="0">
  <testcase classname="center.testcases.LoginTestCase" name="f" time="45.733"/>
</testsuite> <!-- center.testcases.LoginTestCase -->
