<?xml version="1.0" encoding="UTF-8"?>
<!-- Generated by org.testng.reporters.JUnitReportReporter -->
<testsuite hostname="EPD121" failures="0" tests="1" name="humanresources.TestCases.AddUser_TC" time="73.081" errors="0" timestamp="13 Apr 2022 11:09:17 GMT" skipped="0">
  <testcase classname="humanresources.TestCases.AddUser_TC" name="f" time="73.081"/>
</testsuite> <!-- humanresources.TestCases.AddUser_TC -->
