<?xml version="1.0" encoding="UTF-8"?>
<!-- Generated by org.testng.reporters.JUnitReportReporter -->
<testsuite hostname="EPD121" failures="0" tests="1" name="hr.TestCases.SearchUser_TC" time="46.658" errors="0" timestamp="16 Apr 2022 06:29:52 GMT" skipped="0">
  <testcase classname="hr.TestCases.SearchUser_TC" name="f" time="46.658"/>
</testsuite> <!-- hr.TestCases.SearchUser_TC -->
