<?xml version="1.0" encoding="UTF-8"?>
<!-- Generated by org.testng.reporters.JUnitReportReporter -->
<testsuite hostname="Payvand135" failures="0" tests="1" name="GV.TestCases.TestCase_Service_SearchService" time="103.351" errors="0" timestamp="24 Apr 2022 11:05:23 GMT" skipped="0">
  <testcase classname="GV.TestCases.TestCase_Service_SearchService" name="f" time="103.351"/>
</testsuite> <!-- GV.TestCases.TestCase_Service_SearchService -->
