<?xml version="1.0" encoding="UTF-8"?>
<!-- Generated by org.testng.reporters.JUnitReportReporter -->
<testsuite hostname="Payvand135" failures="0" tests="1" name="GV.TestCases.TestCase_AddFixPriceRepetitious" time="99.600" errors="0" timestamp="08 May 2022 09:26:24 GMT" skipped="0">
  <testcase classname="GV.TestCases.TestCase_AddFixPriceRepetitious" name="f" time="99.600"/>
</testsuite> <!-- GV.TestCases.TestCase_AddFixPriceRepetitious -->
