<?xml version="1.0" encoding="UTF-8"?>
<!-- Generated by org.testng.reporters.JUnitReportReporter -->
<testsuite hostname="Payvand135" failures="0" tests="1" name="GV.TestCases.TestCase_AddK" time="219.363" errors="0" timestamp="07 May 2022 07:04:54 GMT" skipped="0">
  <testcase classname="GV.TestCases.TestCase_AddK" name="f" time="219.363"/>
</testsuite> <!-- GV.TestCases.TestCase_AddK -->
