<?xml version="1.0" encoding="UTF-8"?>
<!-- Generated by org.testng.reporters.JUnitReportReporter -->
<testsuite hostname="Payvand135" failures="0" tests="1" name="GV.TestCases.TestCase_FixPrice_SearchService_Show" time="90.993" errors="0" timestamp="08 May 2022 07:19:40 GMT" skipped="0">
  <testcase classname="GV.TestCases.TestCase_FixPrice_SearchService_Show" name="f" time="90.993"/>
</testsuite> <!-- GV.TestCases.TestCase_FixPrice_SearchService_Show -->
