<?xml version="1.0" encoding="UTF-8"?>
<!-- Generated by org.testng.reporters.JUnitReportReporter -->
<testsuite hostname="EPD121" failures="0" tests="1" name="hr.TestCases.Deactive_TC" time="98.109" errors="0" timestamp="16 Apr 2022 06:40:55 GMT" skipped="0">
  <testcase classname="hr.TestCases.Deactive_TC" name="f" time="98.109"/>
</testsuite> <!-- hr.TestCases.Deactive_TC -->
