<?xml version="1.0" encoding="UTF-8"?>
<!-- Generated by org.testng.reporters.JUnitReportReporter -->
<testsuite hostname="EPD121" failures="0" tests="1" name="cis.TestCase.TestCaseAddClinicService" time="0.000" errors="0" timestamp="13 Apr 2022 12:09:01 GMT" skipped="1">
  <testcase classname="cis.TestCase.TestCaseAddClinicService" name="f" time="0.000">
    <skipped/>
  </testcase> <!-- f -->
</testsuite> <!-- cis.TestCase.TestCaseAddClinicService -->
