<?xml version="1.0" encoding="UTF-8"?>
<!-- Generated by org.testng.reporters.JUnitReportReporter -->
<testsuite hostname="EPD121" failures="0" tests="1" name="CenterPackages.testcases.CenterAdd" time="16.485" errors="0" timestamp="13 Oct 2021 12:50:41 GMT" skipped="0">
  <testcase classname="CenterPackages.testcases.CenterAdd" name="f" time="16.485"/>
</testsuite> <!-- CenterPackages.testcases.CenterAdd -->
