<?xml version="1.0" encoding="UTF-8"?>
<!-- Generated by org.testng.reporters.JUnitReportReporter -->
<testsuite hostname="EPD121" failures="0" tests="1" name="CenterPackage.CenterTest" time="67.400" errors="0" timestamp="09 Oct 2021 09:37:39 GMT" skipped="0">
  <testcase classname="CenterPackage.CenterTest" name="f" time="67.400"/>
</testsuite> <!-- CenterPackage.CenterTest -->
