<?xml version="1.0" encoding="UTF-8"?>
<!-- Generated by org.testng.reporters.JUnitReportReporter -->
<testsuite hostname="EPD121" failures="0" tests="1" name="TestCase.TestCaseSearch_AddTrapistToClinic" time="98.258" errors="0" timestamp="05 Apr 2022 07:09:24 GMT" skipped="0">
  <testcase classname="TestCase.TestCaseSearch_AddTrapistToClinic" name="f" time="98.258"/>
</testsuite> <!-- TestCase.TestCaseSearch_AddTrapistToClinic -->
